17:31:14.876 [background-preinit] INFO  org.hibernate.validator.internal.util.Version - HV000001: Hibernate Validator 6.2.4.Final
17:31:17.451 [main] INFO  org.springframework.cloud.config.client.ConfigServicePropertySourceLocator - Fetching config from server at : http://192.168.0.123:9995/
17:31:19.505 [main] INFO  org.springframework.cloud.config.client.ConfigServicePropertySourceLocator - Located environment: name=system,common, profiles=[dev], label=dev, version=b3789c98457c21f745db7638c642ff1e91cab57a, state=null
17:31:19.506 [main] INFO  org.springframework.cloud.bootstrap.config.PropertySourceBootstrapConfiguration - Located property source: [BootstrapPropertySource {name='bootstrapProperties-configClient'}, BootstrapPropertySource {name='bootstrapProperties-https://gitee.com/xiao_long_wei/springcloud-config.git/file:C:\Users\70492\AppData\Local\Temp\config-repo-5658177112786518902\system\system-dev.yml'}, BootstrapPropertySource {name='bootstrapProperties-https://gitee.com/xiao_long_wei/springcloud-config.git/file:C:\Users\70492\AppData\Local\Temp\config-repo-5658177112786518902\common.yml'}]
17:31:19.540 [main] INFO  com.springcloud.test.system.SystemApplication - No active profile set, falling back to 1 default profile: "default"
17:31:21.404 [main] INFO  org.springframework.integration.config.DefaultConfiguringBeanFactoryPostProcessor - No bean named 'errorChannel' has been explicitly defined. Therefore, a default PublishSubscribeChannel will be created.
17:31:21.418 [main] INFO  org.springframework.integration.config.DefaultConfiguringBeanFactoryPostProcessor - No bean named 'integrationHeaderChannelRegistry' has been explicitly defined. Therefore, a default DefaultHeaderChannelRegistry will be created.
17:31:21.496 [main] INFO  org.springframework.cloud.context.scope.GenericScope - BeanFactory id=d8a57bec-51ea-3b6b-90d7-031749b0942c
17:31:21.561 [main] INFO  org.springframework.context.support.PostProcessorRegistrationDelegate$BeanPostProcessorChecker - Bean 'org.apache.shiro.spring.boot.autoconfigure.ShiroBeanAutoConfiguration' of type [org.apache.shiro.spring.boot.autoconfigure.ShiroBeanAutoConfiguration$$EnhancerBySpringCGLIB$$42849534] is not eligible for getting processed by all BeanPostProcessors (for example: not eligible for auto-proxying)
17:31:21.564 [main] INFO  org.springframework.context.support.PostProcessorRegistrationDelegate$BeanPostProcessorChecker - Bean 'webMVCConfig' of type [com.springcloud.test.system.config.WebMVCConfig$$EnhancerBySpringCGLIB$$a133bcc7] is not eligible for getting processed by all BeanPostProcessors (for example: not eligible for auto-proxying)
17:31:21.790 [main] INFO  org.springframework.context.support.PostProcessorRegistrationDelegate$BeanPostProcessorChecker - Bean 'org.apache.shiro.spring.boot.autoconfigure.ShiroAnnotationProcessorAutoConfiguration' of type [org.apache.shiro.spring.boot.autoconfigure.ShiroAnnotationProcessorAutoConfiguration$$EnhancerBySpringCGLIB$$4517d3d9] is not eligible for getting processed by all BeanPostProcessors (for example: not eligible for auto-proxying)
17:31:21.800 [main] INFO  org.springframework.context.support.PostProcessorRegistrationDelegate$BeanPostProcessorChecker - Bean 'shiroConfig' of type [com.springcloud.test.system.config.shiro.ShiroConfig$$EnhancerBySpringCGLIB$$88938f69] is not eligible for getting processed by all BeanPostProcessors (for example: not eligible for auto-proxying)
17:31:21.840 [main] INFO  org.springframework.context.support.PostProcessorRegistrationDelegate$BeanPostProcessorChecker - Bean 'org.springframework.cloud.stream.config.BindersHealthIndicatorAutoConfiguration' of type [org.springframework.cloud.stream.config.BindersHealthIndicatorAutoConfiguration] is not eligible for getting processed by all BeanPostProcessors (for example: not eligible for auto-proxying)
17:31:21.847 [main] INFO  org.springframework.context.support.PostProcessorRegistrationDelegate$BeanPostProcessorChecker - Bean 'bindersHealthContributor' of type [org.springframework.cloud.stream.config.BindersHealthIndicatorAutoConfiguration$BindersHealthContributor] is not eligible for getting processed by all BeanPostProcessors (for example: not eligible for auto-proxying)
17:31:21.858 [main] INFO  org.springframework.context.support.PostProcessorRegistrationDelegate$BeanPostProcessorChecker - Bean 'bindersHealthIndicatorListener' of type [org.springframework.cloud.stream.config.BindersHealthIndicatorAutoConfiguration$BindersHealthIndicatorListener] is not eligible for getting processed by all BeanPostProcessors (for example: not eligible for auto-proxying)
17:31:21.872 [main] INFO  org.springframework.context.support.PostProcessorRegistrationDelegate$BeanPostProcessorChecker - Bean 'org.springframework.cloud.stream.binder.rabbit.config.ExtendedBindingHandlerMappingsProviderConfiguration' of type [org.springframework.cloud.stream.binder.rabbit.config.ExtendedBindingHandlerMappingsProviderConfiguration$$EnhancerBySpringCGLIB$$254ba19d] is not eligible for getting processed by all BeanPostProcessors (for example: not eligible for auto-proxying)
17:31:21.878 [main] INFO  org.springframework.context.support.PostProcessorRegistrationDelegate$BeanPostProcessorChecker - Bean 'rabbitExtendedPropertiesDefaultMappingsProvider' of type [org.springframework.cloud.stream.binder.rabbit.config.ExtendedBindingHandlerMappingsProviderConfiguration$$Lambda$538/1426182600] is not eligible for getting processed by all BeanPostProcessors (for example: not eligible for auto-proxying)
17:31:21.883 [main] INFO  org.springframework.context.support.PostProcessorRegistrationDelegate$BeanPostProcessorChecker - Bean 'BindingHandlerAdvise' of type [org.springframework.cloud.stream.config.BindingHandlerAdvise] is not eligible for getting processed by all BeanPostProcessors (for example: not eligible for auto-proxying)
17:31:21.885 [main] INFO  org.springframework.context.support.PostProcessorRegistrationDelegate$BeanPostProcessorChecker - Bean 'org.springframework.cloud.commons.config.CommonsConfigAutoConfiguration' of type [org.springframework.cloud.commons.config.CommonsConfigAutoConfiguration] is not eligible for getting processed by all BeanPostProcessors (for example: not eligible for auto-proxying)
17:31:21.890 [main] INFO  org.springframework.context.support.PostProcessorRegistrationDelegate$BeanPostProcessorChecker - Bean 'org.springframework.cloud.client.loadbalancer.LoadBalancerDefaultMappingsProviderAutoConfiguration' of type [org.springframework.cloud.client.loadbalancer.LoadBalancerDefaultMappingsProviderAutoConfiguration] is not eligible for getting processed by all BeanPostProcessors (for example: not eligible for auto-proxying)
17:31:21.893 [main] INFO  org.springframework.context.support.PostProcessorRegistrationDelegate$BeanPostProcessorChecker - Bean 'loadBalancerClientsDefaultsMappingsProvider' of type [org.springframework.cloud.client.loadbalancer.LoadBalancerDefaultMappingsProviderAutoConfiguration$$Lambda$539/305964128] is not eligible for getting processed by all BeanPostProcessors (for example: not eligible for auto-proxying)
17:31:21.897 [main] INFO  org.springframework.context.support.PostProcessorRegistrationDelegate$BeanPostProcessorChecker - Bean 'defaultsBindHandlerAdvisor' of type [org.springframework.cloud.commons.config.DefaultsBindHandlerAdvisor] is not eligible for getting processed by all BeanPostProcessors (for example: not eligible for auto-proxying)
17:31:21.908 [main] INFO  org.springframework.context.support.PostProcessorRegistrationDelegate$BeanPostProcessorChecker - Bean 'spelConverter' of type [org.springframework.cloud.stream.config.SpelExpressionConverterConfiguration$SpelConverter] is not eligible for getting processed by all BeanPostProcessors (for example: not eligible for auto-proxying)
17:31:21.955 [main] INFO  org.springframework.context.support.PostProcessorRegistrationDelegate$BeanPostProcessorChecker - Bean 'mybatis-plus-com.baomidou.mybatisplus.autoconfigure.MybatisPlusProperties' of type [com.baomidou.mybatisplus.autoconfigure.MybatisPlusProperties] is not eligible for getting processed by all BeanPostProcessors (for example: not eligible for auto-proxying)
17:31:21.969 [main] INFO  org.springframework.context.support.PostProcessorRegistrationDelegate$BeanPostProcessorChecker - Bean 'mybatisPlusInterceptor' of type [com.baomidou.mybatisplus.extension.plugins.MybatisPlusInterceptor] is not eligible for getting processed by all BeanPostProcessors (for example: not eligible for auto-proxying)
17:31:21.978 [main] INFO  org.springframework.context.support.PostProcessorRegistrationDelegate$BeanPostProcessorChecker - Bean 'com.baomidou.mybatisplus.autoconfigure.MybatisPlusAutoConfiguration' of type [com.baomidou.mybatisplus.autoconfigure.MybatisPlusAutoConfiguration] is not eligible for getting processed by all BeanPostProcessors (for example: not eligible for auto-proxying)
17:31:21.983 [main] INFO  org.springframework.context.support.PostProcessorRegistrationDelegate$BeanPostProcessorChecker - Bean 'com.alibaba.druid.spring.boot.autoconfigure.DruidDataSourceAutoConfigure' of type [com.alibaba.druid.spring.boot.autoconfigure.DruidDataSourceAutoConfigure$$EnhancerBySpringCGLIB$$4917acf6] is not eligible for getting processed by all BeanPostProcessors (for example: not eligible for auto-proxying)
17:31:21.987 [main] INFO  com.alibaba.druid.spring.boot.autoconfigure.DruidDataSourceAutoConfigure - Init DruidDataSource
17:31:22.036 [main] INFO  org.springframework.context.support.PostProcessorRegistrationDelegate$BeanPostProcessorChecker - Bean 'spring.datasource-org.springframework.boot.autoconfigure.jdbc.DataSourceProperties' of type [org.springframework.boot.autoconfigure.jdbc.DataSourceProperties] is not eligible for getting processed by all BeanPostProcessors (for example: not eligible for auto-proxying)
17:31:22.622 [main] INFO  com.alibaba.druid.pool.DruidDataSource - {dataSource-1} inited
17:31:22.623 [main] INFO  org.springframework.context.support.PostProcessorRegistrationDelegate$BeanPostProcessorChecker - Bean 'dataSource' of type [com.alibaba.druid.spring.boot.autoconfigure.DruidDataSourceWrapper] is not eligible for getting processed by all BeanPostProcessors (for example: not eligible for auto-proxying)
17:31:22.665 [main] INFO  org.springframework.context.support.PostProcessorRegistrationDelegate$BeanPostProcessorChecker - Bean 'fillHandle' of type [com.springcloud.test.system.handle.FillHandle] is not eligible for getting processed by all BeanPostProcessors (for example: not eligible for auto-proxying)
17:31:22.677 [main] INFO  org.springframework.context.support.PostProcessorRegistrationDelegate$BeanPostProcessorChecker - Bean 'com.baomidou.mybatisplus.autoconfigure.IdentifierGeneratorAutoConfiguration$InetUtilsAutoConfig' of type [com.baomidou.mybatisplus.autoconfigure.IdentifierGeneratorAutoConfiguration$InetUtilsAutoConfig] is not eligible for getting processed by all BeanPostProcessors (for example: not eligible for auto-proxying)
17:31:23.287 [main] INFO  org.springframework.context.support.PostProcessorRegistrationDelegate$BeanPostProcessorChecker - Bean 'identifierGenerator' of type [com.baomidou.mybatisplus.core.incrementer.DefaultIdentifierGenerator] is not eligible for getting processed by all BeanPostProcessors (for example: not eligible for auto-proxying)
17:31:23.872 [main] INFO  org.springframework.context.support.PostProcessorRegistrationDelegate$BeanPostProcessorChecker - Bean 'sqlSessionFactory' of type [org.apache.ibatis.session.defaults.DefaultSqlSessionFactory] is not eligible for getting processed by all BeanPostProcessors (for example: not eligible for auto-proxying)
17:31:23.880 [main] INFO  org.springframework.context.support.PostProcessorRegistrationDelegate$BeanPostProcessorChecker - Bean 'sqlSessionTemplate' of type [org.mybatis.spring.SqlSessionTemplate] is not eligible for getting processed by all BeanPostProcessors (for example: not eligible for auto-proxying)
17:31:23.884 [main] INFO  org.springframework.context.support.PostProcessorRegistrationDelegate$BeanPostProcessorChecker - Bean 'roleMapper' of type [org.mybatis.spring.mapper.MapperFactoryBean] is not eligible for getting processed by all BeanPostProcessors (for example: not eligible for auto-proxying)
17:31:23.890 [main] INFO  org.springframework.context.support.PostProcessorRegistrationDelegate$BeanPostProcessorChecker - Bean 'roleMapper' of type [com.sun.proxy.$Proxy173] is not eligible for getting processed by all BeanPostProcessors (for example: not eligible for auto-proxying)
17:31:23.899 [main] INFO  org.springframework.context.support.PostProcessorRegistrationDelegate$BeanPostProcessorChecker - Bean 'permissionsMapper' of type [org.mybatis.spring.mapper.MapperFactoryBean] is not eligible for getting processed by all BeanPostProcessors (for example: not eligible for auto-proxying)
17:31:23.901 [main] INFO  org.springframework.context.support.PostProcessorRegistrationDelegate$BeanPostProcessorChecker - Bean 'permissionsMapper' of type [com.sun.proxy.$Proxy175] is not eligible for getting processed by all BeanPostProcessors (for example: not eligible for auto-proxying)
17:31:23.914 [main] INFO  org.springframework.context.support.PostProcessorRegistrationDelegate$BeanPostProcessorChecker - Bean 'usersMapper' of type [org.mybatis.spring.mapper.MapperFactoryBean] is not eligible for getting processed by all BeanPostProcessors (for example: not eligible for auto-proxying)
17:31:23.916 [main] INFO  org.springframework.context.support.PostProcessorRegistrationDelegate$BeanPostProcessorChecker - Bean 'usersMapper' of type [com.sun.proxy.$Proxy177] is not eligible for getting processed by all BeanPostProcessors (for example: not eligible for auto-proxying)
17:31:23.921 [main] INFO  org.springframework.context.support.PostProcessorRegistrationDelegate$BeanPostProcessorChecker - Bean 'usersService' of type [com.springcloud.test.system.service.impl.UsersServiceImpl] is not eligible for getting processed by all BeanPostProcessors (for example: not eligible for auto-proxying)
17:31:23.958 [main] INFO  org.springframework.context.support.PostProcessorRegistrationDelegate$BeanPostProcessorChecker - Bean 'realm' of type [com.springcloud.test.system.config.shiro.CustomerRealm] is not eligible for getting processed by all BeanPostProcessors (for example: not eligible for auto-proxying)
17:31:23.993 [main] INFO  org.springframework.context.support.PostProcessorRegistrationDelegate$BeanPostProcessorChecker - Bean 'sessionManager' of type [org.apache.shiro.web.session.mgt.DefaultWebSessionManager] is not eligible for getting processed by all BeanPostProcessors (for example: not eligible for auto-proxying)
17:31:24.012 [main] INFO  org.springframework.context.support.PostProcessorRegistrationDelegate$BeanPostProcessorChecker - Bean 'rememberMeManager' of type [org.apache.shiro.web.mgt.CookieRememberMeManager] is not eligible for getting processed by all BeanPostProcessors (for example: not eligible for auto-proxying)
17:31:24.017 [main] INFO  org.springframework.context.support.PostProcessorRegistrationDelegate$BeanPostProcessorChecker - Bean 'getDefaultWebSecurityManager' of type [org.apache.shiro.web.mgt.DefaultWebSecurityManager] is not eligible for getting processed by all BeanPostProcessors (for example: not eligible for auto-proxying)
17:31:24.035 [main] INFO  org.springframework.context.support.PostProcessorRegistrationDelegate$BeanPostProcessorChecker - Bean 'authorizationAttributeSourceAdvisor' of type [org.apache.shiro.spring.security.interceptor.AuthorizationAttributeSourceAdvisor] is not eligible for getting processed by all BeanPostProcessors (for example: not eligible for auto-proxying)
17:31:24.055 [main] INFO  org.springframework.context.support.PostProcessorRegistrationDelegate$BeanPostProcessorChecker - Bean 'eventBus' of type [org.apache.shiro.event.support.DefaultEventBus] is not eligible for getting processed by all BeanPostProcessors (for example: not eligible for auto-proxying)
17:31:24.072 [main] INFO  org.springframework.context.support.PostProcessorRegistrationDelegate$BeanPostProcessorChecker - Bean 'org.springframework.integration.config.IntegrationManagementConfiguration' of type [org.springframework.integration.config.IntegrationManagementConfiguration] is not eligible for getting processed by all BeanPostProcessors (for example: not eligible for auto-proxying)
17:31:24.084 [main] INFO  org.springframework.context.support.PostProcessorRegistrationDelegate$BeanPostProcessorChecker - Bean 'org.springframework.boot.autoconfigure.integration.IntegrationAutoConfiguration$IntegrationJmxConfiguration' of type [org.springframework.boot.autoconfigure.integration.IntegrationAutoConfiguration$IntegrationJmxConfiguration] is not eligible for getting processed by all BeanPostProcessors (for example: not eligible for auto-proxying)
17:31:24.094 [main] INFO  org.springframework.context.support.PostProcessorRegistrationDelegate$BeanPostProcessorChecker - Bean 'org.springframework.boot.autoconfigure.jmx.JmxAutoConfiguration' of type [org.springframework.boot.autoconfigure.jmx.JmxAutoConfiguration] is not eligible for getting processed by all BeanPostProcessors (for example: not eligible for auto-proxying)
17:31:24.100 [main] INFO  org.springframework.context.support.PostProcessorRegistrationDelegate$BeanPostProcessorChecker - Bean 'mbeanServer' of type [com.sun.jmx.mbeanserver.JmxMBeanServer] is not eligible for getting processed by all BeanPostProcessors (for example: not eligible for auto-proxying)
17:31:24.141 [main] INFO  org.springframework.context.support.PostProcessorRegistrationDelegate$BeanPostProcessorChecker - Bean 'integrationChannelResolver' of type [org.springframework.integration.support.channel.BeanFactoryChannelResolver] is not eligible for getting processed by all BeanPostProcessors (for example: not eligible for auto-proxying)
17:31:24.157 [main] INFO  org.springframework.context.support.PostProcessorRegistrationDelegate$BeanPostProcessorChecker - Bean 'org.springframework.cloud.client.loadbalancer.reactive.LoadBalancerBeanPostProcessorAutoConfiguration' of type [org.springframework.cloud.client.loadbalancer.reactive.LoadBalancerBeanPostProcessorAutoConfiguration] is not eligible for getting processed by all BeanPostProcessors (for example: not eligible for auto-proxying)
17:31:24.160 [main] INFO  org.springframework.context.support.PostProcessorRegistrationDelegate$BeanPostProcessorChecker - Bean 'org.springframework.cloud.client.loadbalancer.reactive.LoadBalancerBeanPostProcessorAutoConfiguration$ReactorDeferringLoadBalancerFilterConfig' of type [org.springframework.cloud.client.loadbalancer.reactive.LoadBalancerBeanPostProcessorAutoConfiguration$ReactorDeferringLoadBalancerFilterConfig] is not eligible for getting processed by all BeanPostProcessors (for example: not eligible for auto-proxying)
17:31:24.164 [main] INFO  org.springframework.context.support.PostProcessorRegistrationDelegate$BeanPostProcessorChecker - Bean 'reactorDeferringLoadBalancerExchangeFilterFunction' of type [org.springframework.cloud.client.loadbalancer.reactive.DeferringLoadBalancerExchangeFilterFunction] is not eligible for getting processed by all BeanPostProcessors (for example: not eligible for auto-proxying)
17:31:24.492 [main] INFO  org.springframework.boot.web.embedded.tomcat.TomcatWebServer - Tomcat initialized with port(s): 9991 (http)
17:31:24.501 [main] INFO  org.apache.coyote.http11.Http11NioProtocol - Initializing ProtocolHandler ["http-nio-9991"]
17:31:24.502 [main] INFO  org.apache.catalina.core.StandardService - Starting service [Tomcat]
17:31:24.502 [main] INFO  org.apache.catalina.core.StandardEngine - Starting Servlet engine: [Apache Tomcat/9.0.65]
17:31:24.851 [main] INFO  org.apache.catalina.core.ContainerBase.[Tomcat].[localhost].[/] - Initializing Spring embedded WebApplicationContext
17:31:24.852 [main] INFO  org.springframework.boot.web.servlet.context.ServletWebServerApplicationContext - Root WebApplicationContext: initialization completed in 5295 ms
17:31:27.897 [main] INFO  org.springframework.boot.actuate.endpoint.web.EndpointLinksResolver - Exposing 35 endpoint(s) beneath base path '/actuator'
17:31:29.144 [main] INFO  org.springframework.cloud.stream.messaging.DirectWithAttributesChannel - Channel 'application-1.springCloudBusInput' has 1 subscriber(s).
17:31:30.265 [main] WARN  org.springframework.cloud.loadbalancer.config.LoadBalancerCacheAutoConfiguration$LoadBalancerCaffeineWarnLogger - Spring Cloud LoadBalancer is currently working with the default cache. While this cache implementation is useful for development and tests, it's recommended to use Caffeine cache in production.You can switch to using Caffeine cache, by adding it and org.springframework.cache.caffeine.CaffeineCacheManager to the classpath.
17:31:30.731 [main] INFO  org.springframework.integration.monitor.IntegrationMBeanExporter - Registering MessageChannel errorChannel
17:31:30.772 [main] INFO  org.springframework.integration.monitor.IntegrationMBeanExporter - Registering MessageChannel springCloudBusInput
17:31:30.798 [main] INFO  org.springframework.integration.monitor.IntegrationMBeanExporter - Registering MessageChannel nullChannel
17:31:30.822 [main] INFO  org.springframework.integration.monitor.IntegrationMBeanExporter - Registering MessageHandler _org.springframework.integration.errorLogger
17:31:30.955 [main] INFO  org.springframework.integration.endpoint.EventDrivenConsumer - Adding {logging-channel-adapter:_org.springframework.integration.errorLogger} as a subscriber to the 'errorChannel' channel
17:31:30.955 [main] INFO  org.springframework.integration.channel.PublishSubscribeChannel - Channel 'application-1.errorChannel' has 1 subscriber(s).
17:31:30.955 [main] INFO  org.springframework.integration.endpoint.EventDrivenConsumer - started bean '_org.springframework.integration.errorLogger'
17:31:31.102 [main] INFO  org.springframework.cloud.stream.binder.rabbit.provisioning.RabbitExchangeQueueProvisioner - declaring queue for inbound: springCloudBus.anonymous.hGyONuRgS8CFwda1ADtwIg, bound to: springCloudBus
17:31:31.104 [main] INFO  org.springframework.amqp.rabbit.connection.CachingConnectionFactory - Attempting to connect to: [localhost:5672]
17:31:31.139 [main] INFO  org.springframework.amqp.rabbit.connection.CachingConnectionFactory - Created new connection: rabbitConnectionFactory#70ad0854:0/SimpleConnection@2a3ced3d [delegate=amqp://admin@127.0.0.1:5672/, localPort= 5376]
17:31:31.145 [main] INFO  org.springframework.amqp.rabbit.core.RabbitAdmin - Auto-declaring a non-durable or auto-delete Exchange (notice_ex) durable:false, auto-delete:false. It will be deleted by the broker if it shuts down, and can be redeclared by closing and reopening the connection.
17:31:31.145 [main] INFO  org.springframework.amqp.rabbit.core.RabbitAdmin - Auto-declaring a non-durable, auto-delete, or exclusive Queue (msg_q) durable:false, auto-delete:false, exclusive:false. It will be redeclared if the broker stops and is restarted while the connection factory is alive, but all messages will be lost.
17:31:31.203 [main] INFO  org.springframework.cloud.stream.binder.BinderErrorChannel - Channel 'springCloudBus.anonymous.hGyONuRgS8CFwda1ADtwIg.errors' has 1 subscriber(s).
17:31:31.203 [main] INFO  org.springframework.cloud.stream.binder.BinderErrorChannel - Channel 'springCloudBus.anonymous.hGyONuRgS8CFwda1ADtwIg.errors' has 2 subscriber(s).
17:31:31.225 [main] INFO  org.springframework.integration.amqp.inbound.AmqpInboundChannelAdapter - started bean 'inbound.springCloudBus.anonymous.hGyONuRgS8CFwda1ADtwIg'
17:31:31.227 [main] INFO  org.apache.coyote.http11.Http11NioProtocol - Starting ProtocolHandler ["http-nio-9991"]
17:31:31.245 [main] INFO  org.springframework.boot.web.embedded.tomcat.TomcatWebServer - Tomcat started on port(s): 9991 (http) with context path ''
17:31:31.255 [main] INFO  org.springframework.cloud.consul.serviceregistry.ConsulServiceRegistry - Registering service with consul: NewService{id='system-9991', name='system', tags=[], address='LAPTOP-6GR1QNDE', meta={secure=false}, port=9991, enableTagOverride=null, check=Check{script='null', dockerContainerID='null', shell='null', interval='15s', ttl='null', http='http://192.168.0.123:9991/actuator/health', method='null', header={}, tcp='null', timeout='null', deregisterCriticalServiceAfter='null', tlsSkipVerify=null, status='null', grpc='null', grpcUseTLS=null}, checks=null}
17:31:32.322 [main] INFO  org.springframework.cloud.openfeign.FeignClientFactoryBean - For 'home' URL not provided. Will try picking an instance via load-balancing.
17:31:32.396 [main] INFO  org.springframework.integration.monitor.IntegrationMBeanExporter - Registering MessageChannel springCloudBus.anonymous.hGyONuRgS8CFwda1ADtwIg.errors
17:31:32.475 [main] INFO  com.springcloud.test.system.SystemApplication - Started SystemApplication in 18.449 seconds (JVM running for 20.079)
17:31:32.807 [RMI TCP Connection(3)-192.168.200.1] INFO  org.apache.catalina.core.ContainerBase.[Tomcat].[localhost].[/] - Initializing Spring DispatcherServlet 'dispatcherServlet'
17:31:32.808 [RMI TCP Connection(3)-192.168.200.1] INFO  org.springframework.web.servlet.DispatcherServlet - Initializing Servlet 'dispatcherServlet'
17:31:32.812 [RMI TCP Connection(3)-192.168.200.1] INFO  org.springframework.web.servlet.DispatcherServlet - Completed initialization in 4 ms
17:31:41.650 [http-nio-9991-exec-2] INFO  org.apache.shiro.session.mgt.AbstractValidatingSessionManager - Enabling session validation scheduler...
